<?xml version="1.0" encoding="UTF-8"?>
<testng-results ignored="0" total="1" passed="1" failed="0" skipped="0">
  <reporter-output>
  </reporter-output>
  <suite started-at="2024-01-07T12:50:44 IST" name="Default suite" finished-at="2024-01-07T12:50:49 IST" duration-ms="5834">
    <groups>
    </groups>
    <test started-at="2024-01-07T12:50:44 IST" name="Default test" finished-at="2024-01-07T12:50:49 IST" duration-ms="5834">
      <class name="org.test.SampleTest">
        <test-method signature="tc1()[pri:0, instance:org.test.SampleTest@13fd2ccd]" started-at="2024-01-07T12:50:44 IST" name="tc1" finished-at="2024-01-07T12:50:49 IST" duration-ms="5673" status="PASS">
          <reporter-output>
          </reporter-output>
        </test-method> <!-- tc1 -->
      </class> <!-- org.test.SampleTest -->
    </test> <!-- Default test -->
  </suite> <!-- Default suite -->
</testng-results>
